<?xml version="1.0" encoding="UTF-8"?>
<!-- Generated by org.testng.reporters.JUnitReportReporter -->
<testsuite skipped="0" hostname="Digvijay-PC" name="mavenTestRepo.mavenTest.FirstTest" tests="1" failures="0" timestamp="16 Dec 2018 15:46:18 GMT" time="26.093" errors="0">
  <testcase name="launchUrl" time="26.093" classname="mavenTestRepo.mavenTest.FirstTest"/>
</testsuite> <!-- mavenTestRepo.mavenTest.FirstTest -->
