<?xml version="1.0" encoding="UTF-8"?>
<!-- Generated by org.testng.reporters.JUnitReportReporter -->
<testsuite skipped="0" hostname="Digvijay-PC" name="mavenTestRepo.mavenTest.TestPassionTea" tests="1" failures="0" timestamp="17 Dec 2018 17:40:29 GMT" time="49.609" errors="0">
  <testcase name="testTeaName" time="49.609" classname="mavenTestRepo.mavenTest.TestPassionTea"/>
</testsuite> <!-- mavenTestRepo.mavenTest.TestPassionTea -->
